<?xml version="1.0" encoding="UTF-8"?>
<testng-results ignored="0" total="1" passed="1" failed="0" skipped="0">
  <reporter-output>
  </reporter-output>
  <suite started-at="2022-07-03T14:46:34 IST" name="Default suite" finished-at="2022-07-03T14:46:41 IST" duration-ms="7225">
    <groups>
    </groups>
    <test started-at="2022-07-03T14:46:34 IST" name="Default test" finished-at="2022-07-03T14:46:41 IST" duration-ms="7225">
      <class name="ucsc.automation.katalon.Test001">
        <test-method is-config="true" signature="setUp()[pri:0, instance:ucsc.automation.katalon.Test001@7880cdf3]" started-at="2022-07-03T14:46:34 IST" name="setUp" finished-at="2022-07-03T14:46:36 IST" duration-ms="1723" status="PASS">
          <reporter-output>
          </reporter-output>
        </test-method> <!-- setUp -->
        <test-method signature="testUntitledTestCase()[pri:0, instance:ucsc.automation.katalon.Test001@7880cdf3]" started-at="2022-07-03T14:46:36 IST" name="testUntitledTestCase" finished-at="2022-07-03T14:46:41 IST" duration-ms="5350" status="PASS">
          <reporter-output>
          </reporter-output>
        </test-method> <!-- testUntitledTestCase -->
        <test-method is-config="true" signature="tearDown()[pri:0, instance:ucsc.automation.katalon.Test001@7880cdf3]" started-at="2022-07-03T14:46:41 IST" name="tearDown" finished-at="2022-07-03T14:46:41 IST" duration-ms="124" status="PASS">
          <reporter-output>
          </reporter-output>
        </test-method> <!-- tearDown -->
      </class> <!-- ucsc.automation.katalon.Test001 -->
    </test> <!-- Default test -->
  </suite> <!-- Default suite -->
</testng-results>
